<?xml version="1.0" encoding="UTF-8"?>
<!-- Generated by org.testng.reporters.JUnitXMLReporter -->
<testsuite hostname="USBLRMAKZARAK1" ignored="0" name="Tests3" tests="4" failures="3" timestamp="2021-09-16T13:14:31 IST" time="45.89" errors="0">
  <testcase name="CustomerRegisterationPageTest" time="4.417" classname="testing.RegistrationTest"/>
  <testcase name="empty_password_CustomerRegisterationTest" time="7.355" classname="testing.RegistrationTest">
    <failure type="java.lang.AssertionError" message="expected [https://farmersapp-frontend-amxbp6pvia-as.a.run.app/market] but found [https://farmersapp-frontend-amxbp6pvia-as.a.run.app/auth/register]">
      <![CDATA[java.lang.AssertionError: expected [https://farmersapp-frontend-amxbp6pvia-as.a.run.app/market] but found [https://farmersapp-frontend-amxbp6pvia-as.a.run.app/auth/register]
at pages.CustomerRegistration.result_page(CustomerRegistration.java:91)
at testing.RegistrationTest.empty_password_CustomerRegisterationTest(RegistrationTest.java:67)
at java.util.ArrayList.forEach(ArrayList.java:1259)
at java.util.concurrent.FutureTask.run(FutureTask.java:266)
at java.util.concurrent.ThreadPoolExecutor.runWorker(ThreadPoolExecutor.java:1149)
at java.util.concurrent.ThreadPoolExecutor$Worker.run(ThreadPoolExecutor.java:624)
at java.lang.Thread.run(Thread.java:748)
... Removed 24 stack frames]]>
    </failure>
  </testcase> <!-- empty_password_CustomerRegisterationTest -->
  <testcase name="farmerRegisterationPageTest" time="2.078" classname="testing.RegistrationTest">
    <failure type="org.openqa.selenium.InvalidArgumentException" message="File not found: C:\Users\saurasahu\Desktop\farmer1.jpg
Build info: version: &amp;apos;3.141.59&amp;apos;, revision: &amp;apos;e82be7d358&amp;apos;, time: &amp;apos;2018-11-14T08:17:03&amp;apos;
System info: host: &amp;apos;USBLRMAKZARAK1&amp;apos;, ip: &amp;apos;192.168.0.102&amp;apos;, os.name: &amp;apos;Windows 10&amp;apos;, os.arch: &amp;apos;amd64&amp;apos;, os.version: &amp;apos;10.0&amp;apos;, java.version: &amp;apos;1.8.0_302&amp;apos;
Driver info: org.openqa.selenium.firefox.FirefoxDriver
Capabilities {acceptInsecureCerts: true, browserName: firefox, browserVersion: 91.0.2, javascriptEnabled: true, moz:accessibilityChecks: false, moz:buildID: 20210823123856, moz:geckodriverVersion: 0.29.1, moz:headless: false, moz:processID: 16148, moz:profile: C:\Users\makzarak\AppData\L..., moz:shutdownTimeout: 60000, moz:useNonSpecCompliantPointerOrigin: false, moz:webdriverClick: true, pageLoadStrategy: normal, platform: WINDOWS, platformName: WINDOWS, platformVersion: 10.0, proxy: Proxy(), setWindowRect: true, strictFileInteractability: false, timeouts: {implicit: 0, pageLoad: 300000, script: 30000}, unhandledPromptBehavior: dismiss and notify}
Session ID: 373e6fa7-8b2d-49ed-ba42-746f650c99e6">
      <![CDATA[org.openqa.selenium.InvalidArgumentException: File not found: C:\Users\saurasahu\Desktop\farmer1.jpg
Build info: version: '3.141.59', revision: 'e82be7d358', time: '2018-11-14T08:17:03'
System info: host: 'USBLRMAKZARAK1', ip: '192.168.0.102', os.name: 'Windows 10', os.arch: 'amd64', os.version: '10.0', java.version: '1.8.0_302'
Driver info: org.openqa.selenium.firefox.FirefoxDriver
Capabilities {acceptInsecureCerts: true, browserName: firefox, browserVersion: 91.0.2, javascriptEnabled: true, moz:accessibilityChecks: false, moz:buildID: 20210823123856, moz:geckodriverVersion: 0.29.1, moz:headless: false, moz:processID: 16148, moz:profile: C:\Users\makzarak\AppData\L..., moz:shutdownTimeout: 60000, moz:useNonSpecCompliantPointerOrigin: false, moz:webdriverClick: true, pageLoadStrategy: normal, platform: WINDOWS, platformName: WINDOWS, platformVersion: 10.0, proxy: Proxy(), setWindowRect: true, strictFileInteractability: false, timeouts: {implicit: 0, pageLoad: 300000, script: 30000}, unhandledPromptBehavior: dismiss and notify}
Session ID: 373e6fa7-8b2d-49ed-ba42-746f650c99e6
at org.openqa.selenium.remote.http.W3CHttpResponseCodec.createException(W3CHttpResponseCodec.java:187)
at org.openqa.selenium.remote.http.W3CHttpResponseCodec.decode(W3CHttpResponseCodec.java:122)
at org.openqa.selenium.remote.http.W3CHttpResponseCodec.decode(W3CHttpResponseCodec.java:49)
at org.openqa.selenium.remote.HttpCommandExecutor.execute(HttpCommandExecutor.java:158)
at org.openqa.selenium.remote.service.DriverCommandExecutor.execute(DriverCommandExecutor.java:83)
at org.openqa.selenium.remote.RemoteWebDriver.execute(RemoteWebDriver.java:552)
at org.openqa.selenium.remote.RemoteWebElement.execute(RemoteWebElement.java:285)
at org.openqa.selenium.remote.RemoteWebElement.sendKeys(RemoteWebElement.java:106)
at pages.FarmerRegistration.uploadImage(FarmerRegistration.java:164)
at testing.RegistrationTest.farmerRegisterationPageTest(RegistrationTest.java:102)
at java.util.ArrayList.forEach(ArrayList.java:1259)
at java.util.concurrent.FutureTask.run(FutureTask.java:266)
at java.util.concurrent.ThreadPoolExecutor.runWorker(ThreadPoolExecutor.java:1149)
at java.util.concurrent.ThreadPoolExecutor$Worker.run(ThreadPoolExecutor.java:624)
at java.lang.Thread.run(Thread.java:748)
... Removed 22 stack frames]]>
    </failure>
  </testcase> <!-- farmerRegisterationPageTest -->
  <testcase name="invalid_email_CustomerRegisterationTest" time="1.658" classname="testing.RegistrationTest">
    <failure type="java.lang.AssertionError" message="expected [] but found [Invalid Email]">
      <![CDATA[java.lang.AssertionError: expected [] but found [Invalid Email]
at testing.RegistrationTest.invalid_email_CustomerRegisterationTest(RegistrationTest.java:48)
at java.util.ArrayList.forEach(ArrayList.java:1259)
at java.util.concurrent.FutureTask.run(FutureTask.java:266)
at java.util.concurrent.ThreadPoolExecutor.runWorker(ThreadPoolExecutor.java:1149)
at java.util.concurrent.ThreadPoolExecutor$Worker.run(ThreadPoolExecutor.java:624)
at java.lang.Thread.run(Thread.java:748)
... Removed 24 stack frames]]>
    </failure>
  </testcase> <!-- invalid_email_CustomerRegisterationTest -->
</testsuite> <!-- Tests3 -->
