<!DOCTYPE html PUBLIC "-//W3C//DTD XHTML 1.1//EN" "https://www.w3.org/TR/xhtml11/DTD/xhtml11.dtd">
<html xmlns="https://www.w3.org/1999/xhtml">
<head>
<meta charset='utf-8'>
<title>TestNG Report</title>
<style type="text/css">
table {margin-bottom:10px;border-collapse:collapse;empty-cells:show}
td,th {border:1px solid #009;padding:.25em .5em}
.result th {vertical-align:bottom}
.param th {padding-left:1em;padding-right:1em}
.param td {padding-left:.5em;padding-right:2em}
.stripe td,.stripe th {background-color: #E6EBF9}
.numi,.numi_attn {text-align:right}
.total td {font-weight:bold}
.passedodd td {background-color: #0A0}
.passedeven td {background-color: #3F3}
.skippedodd td {background-color: #CCC}
.skippedodd td {background-color: #DDD}
.failedodd td,.numi_attn {background-color: #F33}
.failedeven td,.stripe .numi_attn {background-color: #D00}
.stacktrace {white-space:pre;font-family:monospace}
.totop {font-size:85%;text-align:center;border-bottom:2px solid #000}
</style>
</head>
<body>
<table cellspacing="0" cellpadding="0" class="testOverview">
<tr><th>Test</th><th>Methods<br/>Passed</th><th>Scenarios<br/>Passed</th><th># skipped</th><th># failed</th><th>Total<br/>Time</th><th>Included<br/>Groups</th><th>Excluded<br/>Groups</th></tr>
<tr><td style="text-align:left;padding-right:2em"><a href="#t1">ApiTesting</a></td><td class="numi">9</td><td class="numi">9</td><td class="numi">0</td><td class="numi_attn">2</td><td class="numi">6.8 seconds</td><td class="numi"></td><td class="numi"></td></tr>
</table>
<table cellspacing="0" cellpadding="0" class="methodOverview" id="summary">
<tr><th>Class</th><th>Method</th><th># of<br/>Scenarios</th><th>Start</th><th>Time<br/>(ms)</th></tr>
<tr id="t1"><th colspan="5">ApiTesting &#8212; failed</th></tr>
<tr class="failedodd"><td rowspan="2">testing.FamerClass</td><td><a href="#m1"><b>update_order_status_to_delivered</b>  </a></td><td class="numi">1</td><td>1631770890941</td><td class="numi">570</td></tr><tr class="failedodd"><td><a href="#m2"><b>update_order_status_out_for_delivery</b>  </a></td><td class="numi">1</td><td>1631770890587</td><td class="numi">338</td></tr>
<tr><th colspan="5">ApiTesting &#8212; passed</th></tr>
<tr class="passedodd"><td rowspan="9">testing.FamerClass</td><td><a href="#m3"><b>test_post_farmer_registration_with_registered_email</b>  </a></td><td class="numi">1</td><td>1631770892776</td><td class="numi">355</td></tr><tr class="passedodd"><td><a href="#m4"><b>test_add_new_product</b>  </a></td><td class="numi">1</td><td>1631770890208</td><td class="numi">379</td></tr><tr class="passedodd"><td><a href="#m5"><b>test_post_farmer_login</b>  </a></td><td class="numi">1</td><td>1631770889632</td><td class="numi">576</td></tr><tr class="passedodd"><td><a href="#m6"><b>test_post_add_pincode</b>  </a></td><td class="numi">1</td><td>1631770891511</td><td class="numi">347</td></tr><tr class="passedodd"><td><a href="#m7"><b>test_post_add_images</b>  </a></td><td class="numi">1</td><td>1631770892181</td><td class="numi">295</td></tr><tr class="passedodd"><td><a href="#m8"><b>test_post_farmer_registration_with_registered_mobile</b>  </a></td><td class="numi">1</td><td>1631770893131</td><td class="numi">301</td></tr><tr class="passedodd"><td><a href="#m9"><b>test_post_product_quantity</b>  </a></td><td class="numi">1</td><td>1631770891858</td><td class="numi">323</td></tr><tr class="passedodd"><td><a href="#m10"><b>test_post_farmer_registration</b>  </a></td><td class="numi">1</td><td>1631770887313</td><td class="numi">2319</td></tr><tr class="passedodd"><td><a href="#m11"><b>test_get_product_list_by_farmer</b>  </a></td><td class="numi">1</td><td>1631770892476</td><td class="numi">300</td></tr>
</table>
<h1>ApiTesting</h1>
<h2 id="m1">testing.FamerClass:update_order_status_to_delivered</h2>
<div>
<div class="stacktrace">java.lang.AssertionError: 1 expectation failed.
Expected status code &lt;200&gt; but was &lt;400&gt;.

	at org.codehaus.groovy.runtime.callsite.ConstructorSite$ConstructorSiteNoUnwrap.callConstructor(ConstructorSite.java:84)
	at org.codehaus.groovy.runtime.callsite.AbstractCallSite.callConstructor(AbstractCallSite.java:277)
	at io.restassured.internal.ResponseSpecificationImpl$HamcrestAssertionClosure.validate(ResponseSpecificationImpl.groovy:493)
	at io.restassured.internal.ResponseSpecificationImpl$HamcrestAssertionClosure$validate$1.call(Unknown Source)
	at io.restassured.internal.ResponseSpecificationImpl.validateResponseIfRequired(ResponseSpecificationImpl.groovy:674)
	at org.codehaus.groovy.runtime.callsite.PlainObjectMetaMethodSite.doInvoke(PlainObjectMetaMethodSite.java:43)
	at org.codehaus.groovy.runtime.callsite.PogoMetaMethodSite$PogoCachedMethodSiteNoUnwrapNoCoerce.invoke(PogoMetaMethodSite.java:193)
	at org.codehaus.groovy.runtime.callsite.PogoMetaMethodSite.callCurrent(PogoMetaMethodSite.java:61)
	at org.codehaus.groovy.runtime.callsite.AbstractCallSite.callCurrent(AbstractCallSite.java:185)
	at io.restassured.internal.ResponseSpecificationImpl.statusCode(ResponseSpecificationImpl.groovy:126)
	at io.restassured.specification.ResponseSpecification$statusCode$0.callCurrent(Unknown Source)
	at io.restassured.internal.ResponseSpecificationImpl.statusCode(ResponseSpecificationImpl.groovy:134)
	at io.restassured.internal.ValidatableResponseOptionsImpl.statusCode(ValidatableResponseOptionsImpl.java:89)
	at io.restassured.internal.ValidatableResponseImpl.super$2$statusCode(ValidatableResponseImpl.groovy)
	at groovy.lang.MetaMethod.doMethodInvoke(MetaMethod.java:323)
	at groovy.lang.MetaClassImpl.invokeMethod(MetaClassImpl.java:1268)
	at org.codehaus.groovy.runtime.ScriptBytecodeAdapter.invokeMethodOnSuperN(ScriptBytecodeAdapter.java:144)
	at io.restassured.internal.ValidatableResponseImpl.statusCode(ValidatableResponseImpl.groovy:142)
	at io.restassured.internal.ValidatableResponseImpl.statusCode(ValidatableResponseImpl.groovy)
	at testing.FamerClass.update_order_status_to_delivered(FamerClass.java:294)
	at java.util.ArrayList.forEach(ArrayList.java:1259)
	at com.intellij.rt.testng.IDEARemoteTestNG.run(IDEARemoteTestNG.java:66)
	at com.intellij.rt.testng.RemoteTestNGStarter.main(RemoteTestNGStarter.java:109)
... Removed 39 stack frames</div>
</div>
<p class="totop"><a href="#summary">back to summary</a></p>
<h2 id="m2">testing.FamerClass:update_order_status_out_for_delivery</h2>
<div>
<div class="stacktrace">java.lang.AssertionError: 1 expectation failed.
Expected status code &lt;200&gt; but was &lt;400&gt;.

	at org.codehaus.groovy.runtime.callsite.ConstructorSite$ConstructorSiteNoUnwrap.callConstructor(ConstructorSite.java:84)
	at org.codehaus.groovy.runtime.callsite.CallSiteArray.defaultCallConstructor(CallSiteArray.java:59)
	at org.codehaus.groovy.runtime.callsite.AbstractCallSite.callConstructor(AbstractCallSite.java:263)
	at org.codehaus.groovy.runtime.callsite.AbstractCallSite.callConstructor(AbstractCallSite.java:277)
	at io.restassured.internal.ResponseSpecificationImpl$HamcrestAssertionClosure.validate(ResponseSpecificationImpl.groovy:493)
	at io.restassured.internal.ResponseSpecificationImpl$HamcrestAssertionClosure$validate$1.call(Unknown Source)
	at io.restassured.internal.ResponseSpecificationImpl.validateResponseIfRequired(ResponseSpecificationImpl.groovy:674)
	at org.codehaus.groovy.runtime.callsite.PlainObjectMetaMethodSite.doInvoke(PlainObjectMetaMethodSite.java:43)
	at org.codehaus.groovy.runtime.callsite.PogoMetaMethodSite$PogoCachedMethodSiteNoUnwrapNoCoerce.invoke(PogoMetaMethodSite.java:193)
	at org.codehaus.groovy.runtime.callsite.PogoMetaMethodSite.callCurrent(PogoMetaMethodSite.java:61)
	at org.codehaus.groovy.runtime.callsite.AbstractCallSite.callCurrent(AbstractCallSite.java:185)
	at io.restassured.internal.ResponseSpecificationImpl.statusCode(ResponseSpecificationImpl.groovy:126)
	at io.restassured.specification.ResponseSpecification$statusCode$0.callCurrent(Unknown Source)
	at io.restassured.internal.ResponseSpecificationImpl.statusCode(ResponseSpecificationImpl.groovy:134)
	at io.restassured.internal.ValidatableResponseOptionsImpl.statusCode(ValidatableResponseOptionsImpl.java:89)
	at io.restassured.internal.ValidatableResponseImpl.super$2$statusCode(ValidatableResponseImpl.groovy)
	at groovy.lang.MetaMethod.doMethodInvoke(MetaMethod.java:323)
	at groovy.lang.MetaClassImpl.invokeMethod(MetaClassImpl.java:1268)
	at org.codehaus.groovy.runtime.ScriptBytecodeAdapter.invokeMethodOnSuperN(ScriptBytecodeAdapter.java:144)
	at io.restassured.internal.ValidatableResponseImpl.statusCode(ValidatableResponseImpl.groovy:142)
	at io.restassured.internal.ValidatableResponseImpl.statusCode(ValidatableResponseImpl.groovy)
	at testing.FamerClass.update_order_status_out_for_delivery(FamerClass.java:277)
	at java.util.ArrayList.forEach(ArrayList.java:1259)
	at com.intellij.rt.testng.IDEARemoteTestNG.run(IDEARemoteTestNG.java:66)
	at com.intellij.rt.testng.RemoteTestNGStarter.main(RemoteTestNGStarter.java:109)
... Removed 39 stack frames</div>
</div>
<p class="totop"><a href="#summary">back to summary</a></p>
<h2 id="m3">testing.FamerClass:test_post_farmer_registration_with_registered_email</h2>
<p class="totop"><a href="#summary">back to summary</a></p>
<h2 id="m4">testing.FamerClass:test_add_new_product</h2>
<p class="totop"><a href="#summary">back to summary</a></p>
<h2 id="m5">testing.FamerClass:test_post_farmer_login</h2>
<p class="totop"><a href="#summary">back to summary</a></p>
<h2 id="m6">testing.FamerClass:test_post_add_pincode</h2>
<p class="totop"><a href="#summary">back to summary</a></p>
<h2 id="m7">testing.FamerClass:test_post_add_images</h2>
<p class="totop"><a href="#summary">back to summary</a></p>
<h2 id="m8">testing.FamerClass:test_post_farmer_registration_with_registered_mobile</h2>
<p class="totop"><a href="#summary">back to summary</a></p>
<h2 id="m9">testing.FamerClass:test_post_product_quantity</h2>
<p class="totop"><a href="#summary">back to summary</a></p>
<h2 id="m10">testing.FamerClass:test_post_farmer_registration</h2>
<p class="totop"><a href="#summary">back to summary</a></p>
<h2 id="m11">testing.FamerClass:test_get_product_list_by_farmer</h2>
<p class="totop"><a href="#summary">back to summary</a></p>
</body></html>
